INFO - 2014-04-29 14:24:42,990 - <===============service begin!!!=================> [moumou.py:37, <module>] -
INFO - 2014-04-29 14:25:25,015 - get one request! request = [/home/louluo/nfs/my_svn/python_projects/moumou/src/service/moumou_handler.py:16, process_moumou_user] -
INFO - 2014-04-29 14:25:25,039 -    RESPONSE---> {"data": {"expense": "929", "userid": "1000", "build": "", "income": "1464", "imei": "", "balance": "535", "imsi": ""}, "errcode": "0", "errinfo": "ok"}[/home/louluo/nfs/my_svn/python_projects/moumou/src/service/service_common.py:79, produce_result] -
INFO - 2014-04-29 14:25:35,386 - get one request! request = userid=1000[/home/louluo/nfs/my_svn/python_projects/moumou/src/service/moumou_handler.py:16, process_moumou_user] -
ERROR - 2014-04-29 14:25:35,388 - this userid is not exist!!! userid =  1000[/home/louluo/nfs/my_svn/python_projects/moumou/src/service/moumou_handler.py:72, process_moumou_user] -
INFO - 2014-04-29 14:25:35,388 -    RESPONSE---> {"errcode": "5", "errinfo": "uid未找到"}[/home/louluo/nfs/my_svn/python_projects/moumou/src/service/service_common.py:79, produce_result] -
INFO - 2014-04-29 14:37:21,942 - <===============service begin!!!=================> [moumou.py:37, <module>] -
INFO - 2014-04-29 14:37:34,769 - get one request! request = userid=1000[/home/louluo/nfs/my_svn/python_projects/moumou/src/service/moumou_handler.py:16, process_moumou_user] -
ERROR - 2014-04-29 14:37:34,772 - this userid is not exist!!! userid =  1000[/home/louluo/nfs/my_svn/python_projects/moumou/src/service/moumou_handler.py:72, process_moumou_user] -
INFO - 2014-04-29 14:37:34,772 -    RESPONSE---> {"errcode": "5", "errinfo": "uid未找到"}[/home/louluo/nfs/my_svn/python_projects/moumou/src/service/service_common.py:79, produce_result] -
INFO - 2014-04-29 14:37:47,561 - get one request! request = userid=[/home/louluo/nfs/my_svn/python_projects/moumou/src/service/moumou_handler.py:16, process_moumou_user] -
INFO - 2014-04-29 14:37:47,566 -    RESPONSE---> {"data": {"expense": "587", "userid": "1001", "build": "", "income": "886", "imei": "", "balance": "299", "imsi": ""}, "errcode": "0", "errinfo": "ok"}[/home/louluo/nfs/my_svn/python_projects/moumou/src/service/service_common.py:79, produce_result] -
INFO - 2014-04-29 14:38:00,994 - get one request! request = userid=33[/home/louluo/nfs/my_svn/python_projects/moumou/src/service/moumou_handler.py:16, process_moumou_user] -
ERROR - 2014-04-29 14:38:00,996 - this userid is not exist!!! userid =  33[/home/louluo/nfs/my_svn/python_projects/moumou/src/service/moumou_handler.py:72, process_moumou_user] -
INFO - 2014-04-29 14:38:00,996 -    RESPONSE---> {"errcode": "5", "errinfo": "uid未找到"}[/home/louluo/nfs/my_svn/python_projects/moumou/src/service/service_common.py:79, produce_result] -
INFO - 2014-04-29 14:38:08,977 - <===============service begin!!!=================> [moumou.py:37, <module>] -
INFO - 2014-04-29 15:01:14,350 - get one request! request = [/home/louluo/nfs/my_svn/python_projects/moumou/src/service/moumou_handler.py:16, process_moumou_user] -
INFO - 2014-04-29 15:01:14,355 -    RESPONSE---> {"data": {"expense": "716", "userid": "1002", "build": "", "income": "1474", "imei": "", "balance": "758", "imsi": ""}, "errcode": "0", "errinfo": "ok"}[/home/louluo/nfs/my_svn/python_projects/moumou/src/service/service_common.py:79, produce_result] -
INFO - 2014-04-29 15:05:31,703 - get one request! request = ts=1398769336662&userid=[/home/louluo/nfs/my_svn/python_projects/moumou/src/service/moumou_handler.py:16, process_moumou_user] -
INFO - 2014-04-29 15:05:31,707 -    RESPONSE---> {"data": {"expense": "400", "userid": "1003", "build": "", "income": "1296", "imei": "", "balance": "896", "imsi": ""}, "errcode": "0", "errinfo": "ok"}[/home/louluo/nfs/my_svn/python_projects/moumou/src/service/service_common.py:79, produce_result] -
INFO - 2014-04-30 05:05:29,794 - get one request! request = [/home/louluo/nfs/my_svn/python_projects/moumou/src/service/moumou_handler.py:16, process_moumou_user] -
INFO - 2014-04-30 05:05:29,799 -    RESPONSE---> {"data": {"expense": "559", "userid": "1000", "build": "", "income": "1166", "imei": "", "balance": "607", "imsi": ""}, "errcode": "0", "errinfo": "ok"}[/home/louluo/nfs/my_svn/python_projects/moumou/src/service/service_common.py:79, produce_result] -
INFO - 2014-04-30 05:05:50,252 - get one request! request = [/home/louluo/nfs/my_svn/python_projects/moumou/src/service/moumou_handler.py:16, process_moumou_user] -
INFO - 2014-04-30 05:05:50,256 -    RESPONSE---> {"data": {"expense": "867", "userid": "1001", "build": "", "income": "1703", "imei": "", "balance": "836", "imsi": ""}, "errcode": "0", "errinfo": "ok"}[/home/louluo/nfs/my_svn/python_projects/moumou/src/service/service_common.py:79, produce_result] -
INFO - 2014-04-30 05:06:08,011 - get one request! request = [/home/louluo/nfs/my_svn/python_projects/moumou/src/service/moumou_handler.py:16, process_moumou_user] -
INFO - 2014-04-30 05:06:08,015 -    RESPONSE---> {"data": {"expense": "144", "userid": "1002", "build": "", "income": "203", "imei": "", "balance": "59", "imsi": ""}, "errcode": "0", "errinfo": "ok"}[/home/louluo/nfs/my_svn/python_projects/moumou/src/service/service_common.py:79, produce_result] -
INFO - 2014-04-30 05:48:52,097 - get one request! request = [/home/louluo/nfs/my_svn/python_projects/moumou/src/service/moumou_handler.py:16, process_moumou_user] -
INFO - 2014-04-30 05:48:52,101 -    RESPONSE---> {"data": {"expense": "618", "userid": "1003", "build": "", "income": "1596", "imei": "", "balance": "978", "imsi": ""}, "errcode": "0", "errinfo": "ok"}[/home/louluo/nfs/my_svn/python_projects/moumou/src/service/service_common.py:79, produce_result] -
INFO - 2014-04-30 05:48:54,093 - get one request! request = [/home/louluo/nfs/my_svn/python_projects/moumou/src/service/moumou_handler.py:16, process_moumou_user] -
INFO - 2014-04-30 05:48:54,097 -    RESPONSE---> {"data": {"expense": "28", "userid": "1004", "build": "", "income": "446", "imei": "", "balance": "418", "imsi": ""}, "errcode": "0", "errinfo": "ok"}[/home/louluo/nfs/my_svn/python_projects/moumou/src/service/service_common.py:79, produce_result] -
INFO - 2014-04-30 05:48:55,862 - get one request! request = [/home/louluo/nfs/my_svn/python_projects/moumou/src/service/moumou_handler.py:16, process_moumou_user] -
INFO - 2014-04-30 05:48:55,866 -    RESPONSE---> {"data": {"expense": "939", "userid": "1005", "build": "", "income": "957", "imei": "", "balance": "18", "imsi": ""}, "errcode": "0", "errinfo": "ok"}[/home/louluo/nfs/my_svn/python_projects/moumou/src/service/service_common.py:79, produce_result] -
